<?xml version="1.0" encoding="UTF-8"?>
<testng-results ignored="0" total="1" passed="1" failed="0" skipped="0">
  <reporter-output>
  </reporter-output>
  <suite started-at="2025-05-24T13:10:35 IST" name="Default suite" finished-at="2025-05-24T13:10:44 IST" duration-ms="8787">
    <groups>
    </groups>
    <test started-at="2025-05-24T13:10:35 IST" name="Default test" finished-at="2025-05-24T13:10:44 IST" duration-ms="8787">
      <class name="tests.LoginTest">
        <test-method signature="testValidLogin()[pri:0, instance:tests.LoginTest@738dc9b]" started-at="2025-05-24T13:10:35 IST" name="testValidLogin" finished-at="2025-05-24T13:10:44 IST" duration-ms="8760" status="PASS">
          <reporter-output>
          </reporter-output>
        </test-method> <!-- testValidLogin -->
      </class> <!-- tests.LoginTest -->
    </test> <!-- Default test -->
  </suite> <!-- Default suite -->
</testng-results>
